# This is the CMakeCache file.
# For build in directory: /Users/amine/Documents/repos/code/large-flock-extension/build/release
# It was generated by CMake: /opt/homebrew/Cellar/cmake/3.30.1/bin/cmake
# You can edit this file to change values found and used by cmake.
# If you do not want to change any of the values, simply exit the editor.
# If you do want to change a value, simply edit, save, and exit the editor.
# The syntax for the file is as follows:
# KEY:TYPE=VALUE
# KEY is the name of a variable in the cache.
# TYPE is a hint to GUIs for the type of VALUE, DO NOT EDIT TYPE!.
# VALUE is the current value for the KEY.

########################
# EXTERNAL cache entries
########################

//No help, variable specified on the command line.
CMAKE_BUILD_TYPE:UNINITIALIZED=Release

//Value Computed by CMake.
CMAKE_FIND_PACKAGE_REDIRECTS_DIR:STATIC=/Users/amine/Documents/repos/code/large-flock-extension/build/release/CMakeFiles/pkgRedirects

//Value Computed by CMake
CMAKE_PROJECT_DESCRIPTION:STATIC=

//Value Computed by CMake
CMAKE_PROJECT_HOMEPAGE_URL:STATIC=

//Value Computed by CMake
CMAKE_PROJECT_NAME:STATIC=DuckDB

//No help, variable specified on the command line.
CMAKE_TOOLCHAIN_FILE:UNINITIALIZED=/Users/amine/Documents/repos/code/vcpkg/scripts/buildsystems/vcpkg.make

//No help, variable specified on the command line.
DUCKDB_EXPLICIT_PLATFORM:UNINITIALIZED=

//No help, variable specified on the command line.
DUCKDB_EXTENSION_CONFIGS:UNINITIALIZED=/Users/amine/Documents/repos/code/large-flock-extension/extension_config.cmake

//Value Computed by CMake
DuckDB_BINARY_DIR:STATIC=/Users/amine/Documents/repos/code/large-flock-extension/build/release

//Value Computed by CMake
DuckDB_IS_TOP_LEVEL:STATIC=ON

//Value Computed by CMake
DuckDB_SOURCE_DIR:STATIC=/Users/amine/Documents/repos/code/large-flock-extension/duckdb

//No help, variable specified on the command line.
EXTENSION_STATIC_BUILD:UNINITIALIZED=1

//No help, variable specified on the command line.
OSX_BUILD_ARCH:UNINITIALIZED=

//No help, variable specified on the command line.
VCPKG_BUILD:UNINITIALIZED=1

//No help, variable specified on the command line.
VCPKG_MANIFEST_DIR:UNINITIALIZED=/Users/amine/Documents/repos/code/large-flock-extension/


########################
# INTERNAL cache entries
########################

//This is the directory where this CMakeCache.txt was created
CMAKE_CACHEFILE_DIR:INTERNAL=/Users/amine/Documents/repos/code/large-flock-extension/build/release
//Major version of cmake used to create the current loaded cache
CMAKE_CACHE_MAJOR_VERSION:INTERNAL=3
//Minor version of cmake used to create the current loaded cache
CMAKE_CACHE_MINOR_VERSION:INTERNAL=30
//Patch version of cmake used to create the current loaded cache
CMAKE_CACHE_PATCH_VERSION:INTERNAL=1
//Path to CMake executable.
CMAKE_COMMAND:INTERNAL=/opt/homebrew/Cellar/cmake/3.30.1/bin/cmake
//Path to cpack program executable.
CMAKE_CPACK_COMMAND:INTERNAL=/opt/homebrew/Cellar/cmake/3.30.1/bin/cpack
//Path to ctest program executable.
CMAKE_CTEST_COMMAND:INTERNAL=/opt/homebrew/Cellar/cmake/3.30.1/bin/ctest
//Path to cache edit program executable.
CMAKE_EDIT_COMMAND:INTERNAL=/opt/homebrew/Cellar/cmake/3.30.1/bin/ccmake
//Name of external makefile project generator.
CMAKE_EXTRA_GENERATOR:INTERNAL=
//Name of generator.
CMAKE_GENERATOR:INTERNAL=Unix Makefiles
//Generator instance identifier.
CMAKE_GENERATOR_INSTANCE:INTERNAL=
//Name of generator platform.
CMAKE_GENERATOR_PLATFORM:INTERNAL=
//Name of generator toolset.
CMAKE_GENERATOR_TOOLSET:INTERNAL=
//Source directory with the top level CMakeLists.txt file for this
// project
CMAKE_HOME_DIRECTORY:INTERNAL=/Users/amine/Documents/repos/code/large-flock-extension/duckdb
//number of local generators
CMAKE_NUMBER_OF_MAKEFILES:INTERNAL=1
//Platform information initialized
CMAKE_PLATFORM_INFO_INITIALIZED:INTERNAL=1
//Path to CMake installation.
CMAKE_ROOT:INTERNAL=/opt/homebrew/Cellar/cmake/3.30.1/share/cmake
//uname command
CMAKE_UNAME:INTERNAL=/usr/bin/uname
//Details about finding Python3
FIND_PACKAGE_MESSAGE_DETAILS_Python3:INTERNAL=[/opt/homebrew/Frameworks/Python.framework/Versions/3.12/bin/python3.12][cfound components: Interpreter ][v3.12.4()]
//Compiler reason failure
_Python3_Compiler_REASON_FAILURE:INTERNAL=
//Development reason failure
_Python3_Development_REASON_FAILURE:INTERNAL=
//Path to a program.
_Python3_EXECUTABLE:INTERNAL=/opt/homebrew/Frameworks/Python.framework/Versions/3.12/bin/python3.12
//Python3 Properties
_Python3_INTERPRETER_PROPERTIES:INTERNAL=Python;3;12;4;64;<none>;cpython-312-darwin.so;abi3;/opt/homebrew/opt/python@3.12/Frameworks/Python.framework/Versions/3.12/lib/python3.12;/opt/homebrew/opt/python@3.12/Frameworks/Python.framework/Versions/3.12/lib/python3.12;/opt/homebrew/lib/python3.12/site-packages;/opt/homebrew/lib/python3.12/site-packages
_Python3_INTERPRETER_SIGNATURE:INTERNAL=d87f8c47f819aed69696be149e18c3e1
//Interpreter reason failure
_Python3_Interpreter_REASON_FAILURE:INTERNAL=
//NumPy reason failure
_Python3_NumPy_REASON_FAILURE:INTERNAL=

